mode: atomic
com.github.dimetron.adk-go-agi/pkg/agents/pipeline.go:36.71,38.23 1 4
com.github.dimetron.adk-go-agi/pkg/agents/pipeline.go:38.23,40.3 1 3
com.github.dimetron.adk-go-agi/pkg/agents/pipeline.go:41.2,41.30 1 4
com.github.dimetron.adk-go-agi/pkg/agents/pipeline.go:41.30,43.3 1 3
com.github.dimetron.adk-go-agi/pkg/agents/pipeline.go:46.2,47.16 2 4
com.github.dimetron.adk-go-agi/pkg/agents/pipeline.go:47.16,49.3 1 0
com.github.dimetron.adk-go-agi/pkg/agents/pipeline.go:51.2,52.16 2 4
com.github.dimetron.adk-go-agi/pkg/agents/pipeline.go:52.16,54.3 1 0
com.github.dimetron.adk-go-agi/pkg/agents/pipeline.go:56.2,57.16 2 4
com.github.dimetron.adk-go-agi/pkg/agents/pipeline.go:57.16,59.3 1 0
com.github.dimetron.adk-go-agi/pkg/agents/pipeline.go:61.2,62.16 2 4
com.github.dimetron.adk-go-agi/pkg/agents/pipeline.go:62.16,64.3 1 0
com.github.dimetron.adk-go-agi/pkg/agents/pipeline.go:67.2,78.4 1 4
com.github.dimetron.adk-go-agi/pkg/agents/pipeline.go:82.63,93.2 1 5
com.github.dimetron.adk-go-agi/pkg/agents/pipeline.go:96.62,129.2 1 5
com.github.dimetron.adk-go-agi/pkg/agents/pipeline.go:132.65,158.2 1 5
com.github.dimetron.adk-go-agi/pkg/agents/pipeline.go:161.67,187.2 1 5
com.github.dimetron.adk-go-agi/cmd/agi.go:30.13,35.16 3 0
com.github.dimetron.adk-go-agi/cmd/agi.go:35.16,37.3 1 0
com.github.dimetron.adk-go-agi/cmd/agi.go:40.2,43.16 2 0
com.github.dimetron.adk-go-agi/cmd/agi.go:43.16,45.3 1 0
com.github.dimetron.adk-go-agi/cmd/agi.go:48.2,55.16 5 0
com.github.dimetron.adk-go-agi/cmd/agi.go:55.16,57.3 1 0
